[1] 18:01:03 [SUCCESS] 10.140.83.240
munge:x:1011:
1001
slurm:x:1012:
1002
Last metadata expiration check: 2:15:48 ago on Sat 14 Oct 2023 03:45:06 PM UTC.
Package munge-0.5.13-2.el8.x86_64 is already installed.
Package munge-libs-0.5.13-2.el8.x86_64 is already installed.
Package munge-devel-0.5.13-2.el8.x86_64 is already installed.
Dependencies resolved.
Nothing to do.
Complete!
STATUS:           Success (0)
ENCODE_HOST:      tp-worker-4.novalocal (10.140.83.240)
ENCODE_TIME:      2023-10-14 18:00:56 +0000 (1697306456)
DECODE_TIME:      2023-10-14 18:00:56 +0000 (1697306456)
TTL:              300
CIPHER:           aes128 (4)
MAC:              sha256 (5)
ZIP:              none (0)
UID:              root (0)
GID:              root (0)
LENGTH:           0

Last metadata expiration check: 2:15:50 ago on Sat 14 Oct 2023 03:45:06 PM UTC.
Package openssl-1:1.1.1k-9.el8.x86_64 is already installed.
Package openssl-devel-1:1.1.1k-9.el8.x86_64 is already installed.
Package pam-devel-1.3.1-27.el8.x86_64 is already installed.
Package rpm-build-4.14.3-26.el8.x86_64 is already installed.
Package numactl-2.0.16-3.el8.x86_64 is already installed.
Package numactl-devel-2.0.16-3.el8.x86_64 is already installed.
Package hwloc-2.2.0-3.el8.x86_64 is already installed.
Package hwloc-devel-2.2.0-3.el8.x86_64 is already installed.
Package lua-5.3.4-12.el8.x86_64 is already installed.
Package lua-devel-5.3.4-12.el8.x86_64 is already installed.
Package readline-devel-7.0-10.el8.x86_64 is already installed.
Package rrdtool-devel-1.7.0-16.el8.x86_64 is already installed.
Package ncurses-devel-6.1-10.20180224.el8.x86_64 is already installed.
Package man2html-1.6-24.g.el8.x86_64 is already installed.
Package infiniband-diags-46.0-1.el8.1.x86_64 is already installed.
Package libibumad-46.0-1.el8.1.x86_64 is already installed.
Package mysql-devel-8.0.26-1.module_el8.4.0+915+de215114.x86_64 is already installed.
Package perl-ExtUtils-MakeMaker-1:7.34-1.el8.noarch is already installed.
Package dbus-devel-1:1.12.8-26.el8.x86_64 is already installed.
Dependencies resolved.
Nothing to do.
Complete!
Last metadata expiration check: 2:15:52 ago on Sat 14 Oct 2023 03:45:06 PM UTC.
Dependencies resolved.
================================================================================
 Package                   Arch       Version            Repository        Size
================================================================================
Installing:
 slurm                     x86_64     23.02.4-1.el8      @commandline      19 M
 slurm-contribs            x86_64     23.02.4-1.el8      @commandline      21 k
 slurm-devel               x86_64     23.02.4-1.el8      @commandline      84 k
 slurm-example-configs     x86_64     23.02.4-1.el8      @commandline      13 k
 slurm-libpmi              x86_64     23.02.4-1.el8      @commandline     163 k
 slurm-openlava            x86_64     23.02.4-1.el8      @commandline      13 k
 slurm-pam_slurm           x86_64     23.02.4-1.el8      @commandline     170 k
 slurm-perlapi             x86_64     23.02.4-1.el8      @commandline     795 k
 slurm-slurmctld           x86_64     23.02.4-1.el8      @commandline     1.5 M
 slurm-slurmd              x86_64     23.02.4-1.el8      @commandline     786 k
 slurm-slurmdbd            x86_64     23.02.4-1.el8      @commandline     871 k
 slurm-torque              x86_64     23.02.4-1.el8      @commandline     133 k

Transaction Summary
================================================================================
Install  12 Packages

Total size: 24 M
Installed size: 105 M
Downloading Packages:
Running transaction check
Transaction check succeeded.
Running transaction test
Transaction test succeeded.
Running transaction
  Preparing        :                                                        1/1 
  Running scriptlet: slurm-23.02.4-1.el8.x86_64                            1/12 
  Installing       : slurm-23.02.4-1.el8.x86_64                            1/12 
  Running scriptlet: slurm-23.02.4-1.el8.x86_64                            1/12 
  Installing       : slurm-perlapi-23.02.4-1.el8.x86_64                    2/12 
  Installing       : slurm-openlava-23.02.4-1.el8.x86_64                   3/12 
  Installing       : slurm-torque-23.02.4-1.el8.x86_64                     4/12 
  Installing       : slurm-contribs-23.02.4-1.el8.x86_64                   5/12 
  Installing       : slurm-devel-23.02.4-1.el8.x86_64                      6/12 
  Installing       : slurm-libpmi-23.02.4-1.el8.x86_64                     7/12 
  Installing       : slurm-pam_slurm-23.02.4-1.el8.x86_64                  8/12 
  Installing       : slurm-slurmctld-23.02.4-1.el8.x86_64                  9/12 
  Running scriptlet: slurm-slurmctld-23.02.4-1.el8.x86_64                  9/12 
  Installing       : slurm-slurmd-23.02.4-1.el8.x86_64                    10/12 
  Running scriptlet: slurm-slurmd-23.02.4-1.el8.x86_64                    10/12 
  Installing       : slurm-slurmdbd-23.02.4-1.el8.x86_64                  11/12 
  Running scriptlet: slurm-slurmdbd-23.02.4-1.el8.x86_64                  11/12 
  Installing       : slurm-example-configs-23.02.4-1.el8.x86_64           12/12 
  Running scriptlet: slurm-example-configs-23.02.4-1.el8.x86_64           12/12 
  Verifying        : slurm-23.02.4-1.el8.x86_64                            1/12 
  Verifying        : slurm-contribs-23.02.4-1.el8.x86_64                   2/12 
  Verifying        : slurm-devel-23.02.4-1.el8.x86_64                      3/12 
  Verifying        : slurm-example-configs-23.02.4-1.el8.x86_64            4/12 
  Verifying        : slurm-libpmi-23.02.4-1.el8.x86_64                     5/12 
  Verifying        : slurm-openlava-23.02.4-1.el8.x86_64                   6/12 
  Verifying        : slurm-pam_slurm-23.02.4-1.el8.x86_64                  7/12 
  Verifying        : slurm-perlapi-23.02.4-1.el8.x86_64                    8/12 
  Verifying        : slurm-slurmctld-23.02.4-1.el8.x86_64                  9/12 
  Verifying        : slurm-slurmd-23.02.4-1.el8.x86_64                    10/12 
  Verifying        : slurm-slurmdbd-23.02.4-1.el8.x86_64                  11/12 
  Verifying        : slurm-torque-23.02.4-1.el8.x86_64                    12/12 

Installed:
  slurm-23.02.4-1.el8.x86_64                                                    
  slurm-contribs-23.02.4-1.el8.x86_64                                           
  slurm-devel-23.02.4-1.el8.x86_64                                              
  slurm-example-configs-23.02.4-1.el8.x86_64                                    
  slurm-libpmi-23.02.4-1.el8.x86_64                                             
  slurm-openlava-23.02.4-1.el8.x86_64                                           
  slurm-pam_slurm-23.02.4-1.el8.x86_64                                          
  slurm-perlapi-23.02.4-1.el8.x86_64                                            
  slurm-slurmctld-23.02.4-1.el8.x86_64                                          
  slurm-slurmd-23.02.4-1.el8.x86_64                                             
  slurm-slurmdbd-23.02.4-1.el8.x86_64                                           
  slurm-torque-23.02.4-1.el8.x86_64                                             

Complete!
● slurmd.service - Slurm node daemon
   Loaded: loaded (/usr/lib/systemd/system/slurmd.service; enabled; vendor preset: disabled)
   Active: active (running) since Sat 2023-10-14 18:01:03 UTC; 4ms ago
 Main PID: 67480 (slurmd)
   CGroup: /system.slice/slurmd.service
           └─67480 /usr/sbin/slurmd -D -s

Oct 14 18:01:03 tp-worker-4.novalocal systemd[1]: Started Slurm node daemon.
Stderr: Cloning into 'hpl-startup'...
+ sudo chmod +rwx /home/cc
+ sudo getent group munge
+ sudo id -u munge
+ sudo getent group slurm
+ sudo id -u slurm
+ sudo umount /home/cc/intel /home/cc/apps /home/cc/hpl /home/cc/my_mounting_point /home/cc/container
umount: /home/cc/my_mounting_point: not mounted.
+ mkdir -p /home/cc/container
+ cc-cloudfuse mount /home/cc/container
+ [[ --client = \-\-\c\l\i\e\n\t ]]
+ mkdir -p /home/cc/intel
+ sudo mount -t nfs 10.140.81.187:/home/cc/intel /home/cc/intel
+ mkdir -p /home/cc/apps
+ sudo mount -t nfs 10.140.81.187:/home/cc/apps /home/cc/apps
+ mkdir -p /home/cc/hpl
+ sudo mount -t nfs 10.140.81.187:/home/cc/hpl /home/cc/hpl
+ setupdir=/home/cc/apps/setup
+ sudo bash /home/cc/apps/setup/setup-compute-node
+ setupdir=/home/cc/apps/setup
+ cat /home/cc/apps/setup/client-only/03-sec-limits
+ /home/cc/apps/setup/02-install-munge
+ cp /home/cc/apps/munge.key /etc/munge/munge.key
+ munge -n
+ unmunge
+ /home/cc/apps/setup/07-slurm-deps
+ /home/cc/apps/setup/08-install-slurm
+ ln -s /home/cc/apps/setup/12-etc-slurm-slurm.conf /etc/slurm/slurm.conf
+ cp /home/cc/apps/setup/client-only/06-etc-slurm-cgroup.conf /etc/slurm/cgroup.conf
+ /home/cc/apps/setup/client-only/07-spawn-slurmd
mkdir: cannot create directory ‘/var/spool/slurmd’: File exists
mkdir: cannot create directory ‘/var/log/slurm/’: File exists
Created symlink /etc/systemd/system/multi-user.target.wants/slurmd.service → /usr/lib/systemd/system/slurmd.service.
[2] 18:01:05 [SUCCESS] 10.140.82.160
munge:x:1011:
1001
slurm:x:1012:
1002
Last metadata expiration check: 3:14:03 ago on Sat 14 Oct 2023 02:46:51 PM UTC.
Package munge-0.5.13-2.el8.x86_64 is already installed.
Package munge-libs-0.5.13-2.el8.x86_64 is already installed.
Package munge-devel-0.5.13-2.el8.x86_64 is already installed.
Dependencies resolved.
Nothing to do.
Complete!
STATUS:           Success (0)
ENCODE_HOST:      tp-worker-1.novalocal (10.140.82.160)
ENCODE_TIME:      2023-10-14 18:00:56 +0000 (1697306456)
DECODE_TIME:      2023-10-14 18:00:56 +0000 (1697306456)
TTL:              300
CIPHER:           aes128 (4)
MAC:              sha256 (5)
ZIP:              none (0)
UID:              root (0)
GID:              root (0)
LENGTH:           0

Last metadata expiration check: 3:14:05 ago on Sat 14 Oct 2023 02:46:51 PM UTC.
Package openssl-1:1.1.1k-9.el8.x86_64 is already installed.
Package openssl-devel-1:1.1.1k-9.el8.x86_64 is already installed.
Package pam-devel-1.3.1-27.el8.x86_64 is already installed.
Package rpm-build-4.14.3-26.el8.x86_64 is already installed.
Package numactl-2.0.16-3.el8.x86_64 is already installed.
Package numactl-devel-2.0.16-3.el8.x86_64 is already installed.
Package hwloc-2.2.0-3.el8.x86_64 is already installed.
Package hwloc-devel-2.2.0-3.el8.x86_64 is already installed.
Package lua-5.3.4-12.el8.x86_64 is already installed.
Package lua-devel-5.3.4-12.el8.x86_64 is already installed.
Package readline-devel-7.0-10.el8.x86_64 is already installed.
Package rrdtool-devel-1.7.0-16.el8.x86_64 is already installed.
Package ncurses-devel-6.1-10.20180224.el8.x86_64 is already installed.
Package man2html-1.6-24.g.el8.x86_64 is already installed.
Package infiniband-diags-46.0-1.el8.1.x86_64 is already installed.
Package libibumad-46.0-1.el8.1.x86_64 is already installed.
Package mysql-devel-8.0.26-1.module_el8.4.0+915+de215114.x86_64 is already installed.
Package perl-ExtUtils-MakeMaker-1:7.34-1.el8.noarch is already installed.
Package dbus-devel-1:1.12.8-26.el8.x86_64 is already installed.
Dependencies resolved.
Nothing to do.
Complete!
Last metadata expiration check: 3:14:08 ago on Sat 14 Oct 2023 02:46:51 PM UTC.
Dependencies resolved.
================================================================================
 Package                   Arch       Version            Repository        Size
================================================================================
Installing:
 slurm                     x86_64     23.02.4-1.el8      @commandline      19 M
 slurm-contribs            x86_64     23.02.4-1.el8      @commandline      21 k
 slurm-devel               x86_64     23.02.4-1.el8      @commandline      84 k
 slurm-example-configs     x86_64     23.02.4-1.el8      @commandline      13 k
 slurm-libpmi              x86_64     23.02.4-1.el8      @commandline     163 k
 slurm-openlava            x86_64     23.02.4-1.el8      @commandline      13 k
 slurm-pam_slurm           x86_64     23.02.4-1.el8      @commandline     170 k
 slurm-perlapi             x86_64     23.02.4-1.el8      @commandline     795 k
 slurm-slurmctld           x86_64     23.02.4-1.el8      @commandline     1.5 M
 slurm-slurmd              x86_64     23.02.4-1.el8      @commandline     786 k
 slurm-slurmdbd            x86_64     23.02.4-1.el8      @commandline     871 k
 slurm-torque              x86_64     23.02.4-1.el8      @commandline     133 k

Transaction Summary
================================================================================
Install  12 Packages

Total size: 24 M
Installed size: 105 M
Downloading Packages:
Running transaction check
Transaction check succeeded.
Running transaction test
Transaction test succeeded.
Running transaction
  Preparing        :                                                        1/1 
  Running scriptlet: slurm-23.02.4-1.el8.x86_64                            1/12 
  Installing       : slurm-23.02.4-1.el8.x86_64                            1/12 
  Running scriptlet: slurm-23.02.4-1.el8.x86_64                            1/12 
  Installing       : slurm-perlapi-23.02.4-1.el8.x86_64                    2/12 
  Installing       : slurm-openlava-23.02.4-1.el8.x86_64                   3/12 
  Installing       : slurm-torque-23.02.4-1.el8.x86_64                     4/12 
  Installing       : slurm-contribs-23.02.4-1.el8.x86_64                   5/12 
  Installing       : slurm-devel-23.02.4-1.el8.x86_64                      6/12 
  Installing       : slurm-libpmi-23.02.4-1.el8.x86_64                     7/12 
  Installing       : slurm-pam_slurm-23.02.4-1.el8.x86_64                  8/12 
  Installing       : slurm-slurmctld-23.02.4-1.el8.x86_64                  9/12 
  Running scriptlet: slurm-slurmctld-23.02.4-1.el8.x86_64                  9/12 
  Installing       : slurm-slurmd-23.02.4-1.el8.x86_64                    10/12 
  Running scriptlet: slurm-slurmd-23.02.4-1.el8.x86_64                    10/12 
  Installing       : slurm-slurmdbd-23.02.4-1.el8.x86_64                  11/12 
  Running scriptlet: slurm-slurmdbd-23.02.4-1.el8.x86_64                  11/12 
  Installing       : slurm-example-configs-23.02.4-1.el8.x86_64           12/12 
  Running scriptlet: slurm-example-configs-23.02.4-1.el8.x86_64           12/12 
  Verifying        : slurm-23.02.4-1.el8.x86_64                            1/12 
  Verifying        : slurm-contribs-23.02.4-1.el8.x86_64                   2/12 
  Verifying        : slurm-devel-23.02.4-1.el8.x86_64                      3/12 
  Verifying        : slurm-example-configs-23.02.4-1.el8.x86_64            4/12 
  Verifying        : slurm-libpmi-23.02.4-1.el8.x86_64                     5/12 
  Verifying        : slurm-openlava-23.02.4-1.el8.x86_64                   6/12 
  Verifying        : slurm-pam_slurm-23.02.4-1.el8.x86_64                  7/12 
  Verifying        : slurm-perlapi-23.02.4-1.el8.x86_64                    8/12 
  Verifying        : slurm-slurmctld-23.02.4-1.el8.x86_64                  9/12 
  Verifying        : slurm-slurmd-23.02.4-1.el8.x86_64                    10/12 
  Verifying        : slurm-slurmdbd-23.02.4-1.el8.x86_64                  11/12 
  Verifying        : slurm-torque-23.02.4-1.el8.x86_64                    12/12 

Installed:
  slurm-23.02.4-1.el8.x86_64                                                    
  slurm-contribs-23.02.4-1.el8.x86_64                                           
  slurm-devel-23.02.4-1.el8.x86_64                                              
  slurm-example-configs-23.02.4-1.el8.x86_64                                    
  slurm-libpmi-23.02.4-1.el8.x86_64                                             
  slurm-openlava-23.02.4-1.el8.x86_64                                           
  slurm-pam_slurm-23.02.4-1.el8.x86_64                                          
  slurm-perlapi-23.02.4-1.el8.x86_64                                            
  slurm-slurmctld-23.02.4-1.el8.x86_64                                          
  slurm-slurmd-23.02.4-1.el8.x86_64                                             
  slurm-slurmdbd-23.02.4-1.el8.x86_64                                           
  slurm-torque-23.02.4-1.el8.x86_64                                             

Complete!
● slurmd.service - Slurm node daemon
   Loaded: loaded (/usr/lib/systemd/system/slurmd.service; enabled; vendor preset: disabled)
   Active: active (running) since Sat 2023-10-14 18:01:05 UTC; 5ms ago
 Main PID: 66428 (slurmd)
   CGroup: /system.slice/slurmd.service
           └─66428 /usr/sbin/slurmd -D -s

Oct 14 18:01:05 tp-worker-1.novalocal systemd[1]: Started Slurm node daemon.
Stderr: Cloning into 'hpl-startup'...
+ sudo chmod +rwx /home/cc
+ sudo getent group munge
+ sudo id -u munge
+ sudo getent group slurm
+ sudo id -u slurm
+ sudo umount /home/cc/intel /home/cc/apps /home/cc/hpl /home/cc/my_mounting_point /home/cc/container
umount.nfs4: /home/cc/apps: device is busy
umount: /home/cc/my_mounting_point: not mounted.
+ mkdir -p /home/cc/container
+ cc-cloudfuse mount /home/cc/container
+ [[ --client = \-\-\c\l\i\e\n\t ]]
+ mkdir -p /home/cc/intel
+ sudo mount -t nfs 10.140.81.187:/home/cc/intel /home/cc/intel
+ mkdir -p /home/cc/apps
+ sudo mount -t nfs 10.140.81.187:/home/cc/apps /home/cc/apps
+ mkdir -p /home/cc/hpl
+ sudo mount -t nfs 10.140.81.187:/home/cc/hpl /home/cc/hpl
+ setupdir=/home/cc/apps/setup
+ sudo bash /home/cc/apps/setup/setup-compute-node
+ setupdir=/home/cc/apps/setup
+ cat /home/cc/apps/setup/client-only/03-sec-limits
+ /home/cc/apps/setup/02-install-munge
+ cp /home/cc/apps/munge.key /etc/munge/munge.key
+ munge -n
+ unmunge
+ /home/cc/apps/setup/07-slurm-deps
+ /home/cc/apps/setup/08-install-slurm
+ ln -s /home/cc/apps/setup/12-etc-slurm-slurm.conf /etc/slurm/slurm.conf
+ cp /home/cc/apps/setup/client-only/06-etc-slurm-cgroup.conf /etc/slurm/cgroup.conf
+ /home/cc/apps/setup/client-only/07-spawn-slurmd
mkdir: cannot create directory ‘/var/spool/slurmd’: File exists
mkdir: cannot create directory ‘/var/log/slurm/’: File exists
Created symlink /etc/systemd/system/multi-user.target.wants/slurmd.service → /usr/lib/systemd/system/slurmd.service.
[3] 18:01:05 [SUCCESS] 10.140.82.15
munge:x:1011:
1001
slurm:x:1012:
1002
Last metadata expiration check: 3:06:51 ago on Sat 14 Oct 2023 02:54:03 PM UTC.
Package munge-0.5.13-2.el8.x86_64 is already installed.
Package munge-libs-0.5.13-2.el8.x86_64 is already installed.
Package munge-devel-0.5.13-2.el8.x86_64 is already installed.
Dependencies resolved.
Nothing to do.
Complete!
STATUS:           Success (0)
ENCODE_HOST:      tp-worker-2.novalocal (10.140.82.15)
ENCODE_TIME:      2023-10-14 18:00:56 +0000 (1697306456)
DECODE_TIME:      2023-10-14 18:00:56 +0000 (1697306456)
TTL:              300
CIPHER:           aes128 (4)
MAC:              sha256 (5)
ZIP:              none (0)
UID:              root (0)
GID:              root (0)
LENGTH:           0

Last metadata expiration check: 3:06:54 ago on Sat 14 Oct 2023 02:54:03 PM UTC.
Package openssl-1:1.1.1k-9.el8.x86_64 is already installed.
Package openssl-devel-1:1.1.1k-9.el8.x86_64 is already installed.
Package pam-devel-1.3.1-27.el8.x86_64 is already installed.
Package rpm-build-4.14.3-26.el8.x86_64 is already installed.
Package numactl-2.0.16-3.el8.x86_64 is already installed.
Package numactl-devel-2.0.16-3.el8.x86_64 is already installed.
Package hwloc-2.2.0-3.el8.x86_64 is already installed.
Package hwloc-devel-2.2.0-3.el8.x86_64 is already installed.
Package lua-5.3.4-12.el8.x86_64 is already installed.
Package lua-devel-5.3.4-12.el8.x86_64 is already installed.
Package readline-devel-7.0-10.el8.x86_64 is already installed.
Package rrdtool-devel-1.7.0-16.el8.x86_64 is already installed.
Package ncurses-devel-6.1-10.20180224.el8.x86_64 is already installed.
Package man2html-1.6-24.g.el8.x86_64 is already installed.
Package infiniband-diags-46.0-1.el8.1.x86_64 is already installed.
Package libibumad-46.0-1.el8.1.x86_64 is already installed.
Package mysql-devel-8.0.26-1.module_el8.4.0+915+de215114.x86_64 is already installed.
Package perl-ExtUtils-MakeMaker-1:7.34-1.el8.noarch is already installed.
Package dbus-devel-1:1.12.8-26.el8.x86_64 is already installed.
Dependencies resolved.
Nothing to do.
Complete!
Last metadata expiration check: 3:06:56 ago on Sat 14 Oct 2023 02:54:03 PM UTC.
Dependencies resolved.
================================================================================
 Package                   Arch       Version            Repository        Size
================================================================================
Installing:
 slurm                     x86_64     23.02.4-1.el8      @commandline      19 M
 slurm-contribs            x86_64     23.02.4-1.el8      @commandline      21 k
 slurm-devel               x86_64     23.02.4-1.el8      @commandline      84 k
 slurm-example-configs     x86_64     23.02.4-1.el8      @commandline      13 k
 slurm-libpmi              x86_64     23.02.4-1.el8      @commandline     163 k
 slurm-openlava            x86_64     23.02.4-1.el8      @commandline      13 k
 slurm-pam_slurm           x86_64     23.02.4-1.el8      @commandline     170 k
 slurm-perlapi             x86_64     23.02.4-1.el8      @commandline     795 k
 slurm-slurmctld           x86_64     23.02.4-1.el8      @commandline     1.5 M
 slurm-slurmd              x86_64     23.02.4-1.el8      @commandline     786 k
 slurm-slurmdbd            x86_64     23.02.4-1.el8      @commandline     871 k
 slurm-torque              x86_64     23.02.4-1.el8      @commandline     133 k

Transaction Summary
================================================================================
Install  12 Packages

Total size: 24 M
Installed size: 105 M
Downloading Packages:
Running transaction check
Transaction check succeeded.
Running transaction test
Transaction test succeeded.
Running transaction
  Preparing        :                                                        1/1 
  Running scriptlet: slurm-23.02.4-1.el8.x86_64                            1/12 
  Installing       : slurm-23.02.4-1.el8.x86_64                            1/12 
  Running scriptlet: slurm-23.02.4-1.el8.x86_64                            1/12 
  Installing       : slurm-perlapi-23.02.4-1.el8.x86_64                    2/12 
  Installing       : slurm-openlava-23.02.4-1.el8.x86_64                   3/12 
  Installing       : slurm-torque-23.02.4-1.el8.x86_64                     4/12 
  Installing       : slurm-contribs-23.02.4-1.el8.x86_64                   5/12 
  Installing       : slurm-devel-23.02.4-1.el8.x86_64                      6/12 
  Installing       : slurm-libpmi-23.02.4-1.el8.x86_64                     7/12 
  Installing       : slurm-pam_slurm-23.02.4-1.el8.x86_64                  8/12 
  Installing       : slurm-slurmctld-23.02.4-1.el8.x86_64                  9/12 
  Running scriptlet: slurm-slurmctld-23.02.4-1.el8.x86_64                  9/12 
  Installing       : slurm-slurmd-23.02.4-1.el8.x86_64                    10/12 
  Running scriptlet: slurm-slurmd-23.02.4-1.el8.x86_64                    10/12 
  Installing       : slurm-slurmdbd-23.02.4-1.el8.x86_64                  11/12 
  Running scriptlet: slurm-slurmdbd-23.02.4-1.el8.x86_64                  11/12 
  Installing       : slurm-example-configs-23.02.4-1.el8.x86_64           12/12 
  Running scriptlet: slurm-example-configs-23.02.4-1.el8.x86_64           12/12 
  Verifying        : slurm-23.02.4-1.el8.x86_64                            1/12 
  Verifying        : slurm-contribs-23.02.4-1.el8.x86_64                   2/12 
  Verifying        : slurm-devel-23.02.4-1.el8.x86_64                      3/12 
  Verifying        : slurm-example-configs-23.02.4-1.el8.x86_64            4/12 
  Verifying        : slurm-libpmi-23.02.4-1.el8.x86_64                     5/12 
  Verifying        : slurm-openlava-23.02.4-1.el8.x86_64                   6/12 
  Verifying        : slurm-pam_slurm-23.02.4-1.el8.x86_64                  7/12 
  Verifying        : slurm-perlapi-23.02.4-1.el8.x86_64                    8/12 
  Verifying        : slurm-slurmctld-23.02.4-1.el8.x86_64                  9/12 
  Verifying        : slurm-slurmd-23.02.4-1.el8.x86_64                    10/12 
  Verifying        : slurm-slurmdbd-23.02.4-1.el8.x86_64                  11/12 
  Verifying        : slurm-torque-23.02.4-1.el8.x86_64                    12/12 

Installed:
  slurm-23.02.4-1.el8.x86_64                                                    
  slurm-contribs-23.02.4-1.el8.x86_64                                           
  slurm-devel-23.02.4-1.el8.x86_64                                              
  slurm-example-configs-23.02.4-1.el8.x86_64                                    
  slurm-libpmi-23.02.4-1.el8.x86_64                                             
  slurm-openlava-23.02.4-1.el8.x86_64                                           
  slurm-pam_slurm-23.02.4-1.el8.x86_64                                          
  slurm-perlapi-23.02.4-1.el8.x86_64                                            
  slurm-slurmctld-23.02.4-1.el8.x86_64                                          
  slurm-slurmd-23.02.4-1.el8.x86_64                                             
  slurm-slurmdbd-23.02.4-1.el8.x86_64                                           
  slurm-torque-23.02.4-1.el8.x86_64                                             

Complete!
● slurmd.service - Slurm node daemon
   Loaded: loaded (/usr/lib/systemd/system/slurmd.service; enabled; vendor preset: disabled)
   Active: active (running) since Sat 2023-10-14 18:01:05 UTC; 6ms ago
 Main PID: 64057 (slurmd)
   CGroup: /system.slice/slurmd.service
           └─64057 /usr/sbin/slurmd -D -s

Oct 14 18:01:05 tp-worker-2.novalocal systemd[1]: Started Slurm node daemon.
Stderr: Cloning into 'hpl-startup'...
+ sudo chmod +rwx /home/cc
+ sudo getent group munge
+ sudo id -u munge
+ sudo getent group slurm
+ sudo id -u slurm
+ sudo umount /home/cc/intel /home/cc/apps /home/cc/hpl /home/cc/my_mounting_point /home/cc/container
umount: /home/cc/my_mounting_point: not mounted.
+ mkdir -p /home/cc/container
+ cc-cloudfuse mount /home/cc/container
+ [[ --client = \-\-\c\l\i\e\n\t ]]
+ mkdir -p /home/cc/intel
+ sudo mount -t nfs 10.140.81.187:/home/cc/intel /home/cc/intel
+ mkdir -p /home/cc/apps
+ sudo mount -t nfs 10.140.81.187:/home/cc/apps /home/cc/apps
+ mkdir -p /home/cc/hpl
+ sudo mount -t nfs 10.140.81.187:/home/cc/hpl /home/cc/hpl
+ setupdir=/home/cc/apps/setup
+ sudo bash /home/cc/apps/setup/setup-compute-node
+ setupdir=/home/cc/apps/setup
+ cat /home/cc/apps/setup/client-only/03-sec-limits
+ /home/cc/apps/setup/02-install-munge
+ cp /home/cc/apps/munge.key /etc/munge/munge.key
+ munge -n
+ unmunge
+ /home/cc/apps/setup/07-slurm-deps
+ /home/cc/apps/setup/08-install-slurm
+ ln -s /home/cc/apps/setup/12-etc-slurm-slurm.conf /etc/slurm/slurm.conf
+ cp /home/cc/apps/setup/client-only/06-etc-slurm-cgroup.conf /etc/slurm/cgroup.conf
+ /home/cc/apps/setup/client-only/07-spawn-slurmd
mkdir: cannot create directory ‘/var/spool/slurmd’: File exists
mkdir: cannot create directory ‘/var/log/slurm/’: File exists
Created symlink /etc/systemd/system/multi-user.target.wants/slurmd.service → /usr/lib/systemd/system/slurmd.service.
[4] 18:01:05 [SUCCESS] 10.140.82.90
munge:x:1011:
1001
slurm:x:1012:
1002
Last metadata expiration check: 2:36:29 ago on Sat 14 Oct 2023 03:24:25 PM UTC.
Package munge-0.5.13-2.el8.x86_64 is already installed.
Package munge-libs-0.5.13-2.el8.x86_64 is already installed.
Package munge-devel-0.5.13-2.el8.x86_64 is already installed.
Dependencies resolved.
Nothing to do.
Complete!
STATUS:           Success (0)
ENCODE_HOST:      tp-worker-3.novalocal (10.140.82.90)
ENCODE_TIME:      2023-10-14 18:00:56 +0000 (1697306456)
DECODE_TIME:      2023-10-14 18:00:56 +0000 (1697306456)
TTL:              300
CIPHER:           aes128 (4)
MAC:              sha256 (5)
ZIP:              none (0)
UID:              root (0)
GID:              root (0)
LENGTH:           0

Last metadata expiration check: 2:36:32 ago on Sat 14 Oct 2023 03:24:25 PM UTC.
Package openssl-1:1.1.1k-9.el8.x86_64 is already installed.
Package openssl-devel-1:1.1.1k-9.el8.x86_64 is already installed.
Package pam-devel-1.3.1-27.el8.x86_64 is already installed.
Package rpm-build-4.14.3-26.el8.x86_64 is already installed.
Package numactl-2.0.16-3.el8.x86_64 is already installed.
Package numactl-devel-2.0.16-3.el8.x86_64 is already installed.
Package hwloc-2.2.0-3.el8.x86_64 is already installed.
Package hwloc-devel-2.2.0-3.el8.x86_64 is already installed.
Package lua-5.3.4-12.el8.x86_64 is already installed.
Package lua-devel-5.3.4-12.el8.x86_64 is already installed.
Package readline-devel-7.0-10.el8.x86_64 is already installed.
Package rrdtool-devel-1.7.0-16.el8.x86_64 is already installed.
Package ncurses-devel-6.1-10.20180224.el8.x86_64 is already installed.
Package man2html-1.6-24.g.el8.x86_64 is already installed.
Package infiniband-diags-46.0-1.el8.1.x86_64 is already installed.
Package libibumad-46.0-1.el8.1.x86_64 is already installed.
Package mysql-devel-8.0.26-1.module_el8.4.0+915+de215114.x86_64 is already installed.
Package perl-ExtUtils-MakeMaker-1:7.34-1.el8.noarch is already installed.
Package dbus-devel-1:1.12.8-26.el8.x86_64 is already installed.
Dependencies resolved.
Nothing to do.
Complete!
Last metadata expiration check: 2:36:34 ago on Sat 14 Oct 2023 03:24:25 PM UTC.
Dependencies resolved.
================================================================================
 Package                   Arch       Version            Repository        Size
================================================================================
Installing:
 slurm                     x86_64     23.02.4-1.el8      @commandline      19 M
 slurm-contribs            x86_64     23.02.4-1.el8      @commandline      21 k
 slurm-devel               x86_64     23.02.4-1.el8      @commandline      84 k
 slurm-example-configs     x86_64     23.02.4-1.el8      @commandline      13 k
 slurm-libpmi              x86_64     23.02.4-1.el8      @commandline     163 k
 slurm-openlava            x86_64     23.02.4-1.el8      @commandline      13 k
 slurm-pam_slurm           x86_64     23.02.4-1.el8      @commandline     170 k
 slurm-perlapi             x86_64     23.02.4-1.el8      @commandline     795 k
 slurm-slurmctld           x86_64     23.02.4-1.el8      @commandline     1.5 M
 slurm-slurmd              x86_64     23.02.4-1.el8      @commandline     786 k
 slurm-slurmdbd            x86_64     23.02.4-1.el8      @commandline     871 k
 slurm-torque              x86_64     23.02.4-1.el8      @commandline     133 k

Transaction Summary
================================================================================
Install  12 Packages

Total size: 24 M
Installed size: 105 M
Downloading Packages:
Running transaction check
Transaction check succeeded.
Running transaction test
Transaction test succeeded.
Running transaction
  Preparing        :                                                        1/1 
  Running scriptlet: slurm-23.02.4-1.el8.x86_64                            1/12 
  Installing       : slurm-23.02.4-1.el8.x86_64                            1/12 
  Running scriptlet: slurm-23.02.4-1.el8.x86_64                            1/12 
  Installing       : slurm-perlapi-23.02.4-1.el8.x86_64                    2/12 
  Installing       : slurm-openlava-23.02.4-1.el8.x86_64                   3/12 
  Installing       : slurm-torque-23.02.4-1.el8.x86_64                     4/12 
  Installing       : slurm-contribs-23.02.4-1.el8.x86_64                   5/12 
  Installing       : slurm-devel-23.02.4-1.el8.x86_64                      6/12 
  Installing       : slurm-libpmi-23.02.4-1.el8.x86_64                     7/12 
  Installing       : slurm-pam_slurm-23.02.4-1.el8.x86_64                  8/12 
  Installing       : slurm-slurmctld-23.02.4-1.el8.x86_64                  9/12 
  Running scriptlet: slurm-slurmctld-23.02.4-1.el8.x86_64                  9/12 
  Installing       : slurm-slurmd-23.02.4-1.el8.x86_64                    10/12 
  Running scriptlet: slurm-slurmd-23.02.4-1.el8.x86_64                    10/12 
  Installing       : slurm-slurmdbd-23.02.4-1.el8.x86_64                  11/12 
  Running scriptlet: slurm-slurmdbd-23.02.4-1.el8.x86_64                  11/12 
  Installing       : slurm-example-configs-23.02.4-1.el8.x86_64           12/12 
  Running scriptlet: slurm-example-configs-23.02.4-1.el8.x86_64           12/12 
  Verifying        : slurm-23.02.4-1.el8.x86_64                            1/12 
  Verifying        : slurm-contribs-23.02.4-1.el8.x86_64                   2/12 
  Verifying        : slurm-devel-23.02.4-1.el8.x86_64                      3/12 
  Verifying        : slurm-example-configs-23.02.4-1.el8.x86_64            4/12 
  Verifying        : slurm-libpmi-23.02.4-1.el8.x86_64                     5/12 
  Verifying        : slurm-openlava-23.02.4-1.el8.x86_64                   6/12 
  Verifying        : slurm-pam_slurm-23.02.4-1.el8.x86_64                  7/12 
  Verifying        : slurm-perlapi-23.02.4-1.el8.x86_64                    8/12 
  Verifying        : slurm-slurmctld-23.02.4-1.el8.x86_64                  9/12 
  Verifying        : slurm-slurmd-23.02.4-1.el8.x86_64                    10/12 
  Verifying        : slurm-slurmdbd-23.02.4-1.el8.x86_64                  11/12 
  Verifying        : slurm-torque-23.02.4-1.el8.x86_64                    12/12 

Installed:
  slurm-23.02.4-1.el8.x86_64                                                    
  slurm-contribs-23.02.4-1.el8.x86_64                                           
  slurm-devel-23.02.4-1.el8.x86_64                                              
  slurm-example-configs-23.02.4-1.el8.x86_64                                    
  slurm-libpmi-23.02.4-1.el8.x86_64                                             
  slurm-openlava-23.02.4-1.el8.x86_64                                           
  slurm-pam_slurm-23.02.4-1.el8.x86_64                                          
  slurm-perlapi-23.02.4-1.el8.x86_64                                            
  slurm-slurmctld-23.02.4-1.el8.x86_64                                          
  slurm-slurmd-23.02.4-1.el8.x86_64                                             
  slurm-slurmdbd-23.02.4-1.el8.x86_64                                           
  slurm-torque-23.02.4-1.el8.x86_64                                             

Complete!
● slurmd.service - Slurm node daemon
   Loaded: loaded (/usr/lib/systemd/system/slurmd.service; enabled; vendor preset: disabled)
   Active: active (running) since Sat 2023-10-14 18:01:05 UTC; 6ms ago
 Main PID: 64719 (slurmd)
   CGroup: /system.slice/slurmd.service
           └─64719 /usr/sbin/slurmd -D -s

Oct 14 18:01:05 tp-worker-3.novalocal systemd[1]: Started Slurm node daemon.
Stderr: Cloning into 'hpl-startup'...
+ sudo chmod +rwx /home/cc
+ sudo getent group munge
+ sudo id -u munge
+ sudo getent group slurm
+ sudo id -u slurm
+ sudo umount /home/cc/intel /home/cc/apps /home/cc/hpl /home/cc/my_mounting_point /home/cc/container
umount: /home/cc/my_mounting_point: not mounted.
+ mkdir -p /home/cc/container
+ cc-cloudfuse mount /home/cc/container
+ [[ --client = \-\-\c\l\i\e\n\t ]]
+ mkdir -p /home/cc/intel
+ sudo mount -t nfs 10.140.81.187:/home/cc/intel /home/cc/intel
+ mkdir -p /home/cc/apps
+ sudo mount -t nfs 10.140.81.187:/home/cc/apps /home/cc/apps
+ mkdir -p /home/cc/hpl
+ sudo mount -t nfs 10.140.81.187:/home/cc/hpl /home/cc/hpl
+ setupdir=/home/cc/apps/setup
+ sudo bash /home/cc/apps/setup/setup-compute-node
+ setupdir=/home/cc/apps/setup
+ cat /home/cc/apps/setup/client-only/03-sec-limits
+ /home/cc/apps/setup/02-install-munge
+ cp /home/cc/apps/munge.key /etc/munge/munge.key
+ munge -n
+ unmunge
+ /home/cc/apps/setup/07-slurm-deps
+ /home/cc/apps/setup/08-install-slurm
+ ln -s /home/cc/apps/setup/12-etc-slurm-slurm.conf /etc/slurm/slurm.conf
+ cp /home/cc/apps/setup/client-only/06-etc-slurm-cgroup.conf /etc/slurm/cgroup.conf
+ /home/cc/apps/setup/client-only/07-spawn-slurmd
mkdir: cannot create directory ‘/var/spool/slurmd’: File exists
mkdir: cannot create directory ‘/var/log/slurm/’: File exists
Created symlink /etc/systemd/system/multi-user.target.wants/slurmd.service → /usr/lib/systemd/system/slurmd.service.
